Importer Log Report
Document: C:\Users\SHIWA\Documents\GitHub\CASS\CAM_XILINX_STM\com_1300\com_1300.kicad_pcb
    Section : Analyze Document from - C:\Users\SHIWA\Documents\GitHub\CASS\CAM_XILINX_STM\com_1300\com_1300.kicad_pcb
        Warning: Unknown child 'generator' of 'kicad_pcb'.
        Warning: Unknown child 'paper' of 'kicad_pcb'.
        Warning: Unknown child stackup of setup.
        Warning: Unknown child 'footprint' of 'kicad_pcb'.
        Warning: Unknown child 'footprint' of 'kicad_pcb'.
        Warning: Unknown child 'footprint' of 'kicad_pcb'.
        Warning: Unknown child 'footprint' of 'kicad_pcb'.
        Warning: Unknown child 'footprint' of 'kicad_pcb'.
        Warning: Unknown child 'footprint' of 'kicad_pcb'.
        Warning: Unknown child 'footprint' of 'kicad_pcb'.
        Warning: Unknown child 'footprint' of 'kicad_pcb'.
        Warning: Unknown child 'footprint' of 'kicad_pcb'.
        Warning: Unknown child 'footprint' of 'kicad_pcb'.
        Warning: Unknown child 'footprint' of 'kicad_pcb'.
        Warning: Unknown child 'footprint' of 'kicad_pcb'.
        Warning: Unknown child 'footprint' of 'kicad_pcb'.
        Warning: Unknown child 'footprint' of 'kicad_pcb'.
        Warning: Unknown child 'footprint' of 'kicad_pcb'.
        Warning: Unknown child 'footprint' of 'kicad_pcb'.
        Warning: Unknown child 'footprint' of 'kicad_pcb'.
        Warning: Unknown child 'footprint' of 'kicad_pcb'.
        Warning: Unknown child 'footprint' of 'kicad_pcb'.
        Warning: Unknown child 'footprint' of 'kicad_pcb'.
        Warning: Unknown child 'footprint' of 'kicad_pcb'.
        Warning: Unknown child 'footprint' of 'kicad_pcb'.
        Warning: Unknown child 'footprint' of 'kicad_pcb'.
        Warning: Unknown child 'footprint' of 'kicad_pcb'.
        Warning: Unknown child 'footprint' of 'kicad_pcb'.
        Warning: Unknown child 'footprint' of 'kicad_pcb'.
        Warning: Unknown child 'footprint' of 'kicad_pcb'.
        Warning: Unknown child 'footprint' of 'kicad_pcb'.
        Warning: Unknown child 'footprint' of 'kicad_pcb'.
        Warning: Unknown child 'footprint' of 'kicad_pcb'.
        Warning: Unknown child 'footprint' of 'kicad_pcb'.
        Warning: Unknown child 'footprint' of 'kicad_pcb'.
        Warning: Unknown child 'footprint' of 'kicad_pcb'.
        Warning: Unknown child 'footprint' of 'kicad_pcb'.
        Warning: Unknown child 'footprint' of 'kicad_pcb'.
        Warning: Unknown child 'footprint' of 'kicad_pcb'.
        Warning: Unknown child 'footprint' of 'kicad_pcb'.
        Warning: Unknown child 'footprint' of 'kicad_pcb'.
        Warning: Unknown child 'footprint' of 'kicad_pcb'.
        Warning: Unknown child 'footprint' of 'kicad_pcb'.
        Warning: Unknown child 'footprint' of 'kicad_pcb'.
        Warning: Unknown child 'footprint' of 'kicad_pcb'.
        Warning: Unknown child 'footprint' of 'kicad_pcb'.
        Warning: Unknown child 'footprint' of 'kicad_pcb'.
        Warning: Unknown child 'footprint' of 'kicad_pcb'.
        Warning: Unknown child 'footprint' of 'kicad_pcb'.
        Warning: Unknown child 'footprint' of 'kicad_pcb'.
        Warning: Unknown child 'footprint' of 'kicad_pcb'.
        Warning: Unknown child 'footprint' of 'kicad_pcb'.
        Warning: Unknown child 'footprint' of 'kicad_pcb'.
        Warning: Unknown child 'footprint' of 'kicad_pcb'.
        Warning: Unknown child 'footprint' of 'kicad_pcb'.
        Warning: Unknown child 'footprint' of 'kicad_pcb'.
        Warning: Unknown child 'footprint' of 'kicad_pcb'.
        Warning: Unknown child 'footprint' of 'kicad_pcb'.
        Warning: Unknown child 'footprint' of 'kicad_pcb'.
        Warning: Unknown child 'footprint' of 'kicad_pcb'.
        Warning: Unknown child 'footprint' of 'kicad_pcb'.
        Warning: Unknown child 'footprint' of 'kicad_pcb'.
        Warning: Unknown child 'footprint' of 'kicad_pcb'.
        Warning: Unknown child 'footprint' of 'kicad_pcb'.
        Warning: Unknown child 'footprint' of 'kicad_pcb'.
        Warning: Unknown child 'footprint' of 'kicad_pcb'.
        Warning: Unknown child 'footprint' of 'kicad_pcb'.
        Warning: Unknown child 'footprint' of 'kicad_pcb'.
        Warning: Unknown child 'footprint' of 'kicad_pcb'.
        Warning: Unknown child 'footprint' of 'kicad_pcb'.
        Warning: Unknown child 'footprint' of 'kicad_pcb'.
        Warning: Unknown child 'footprint' of 'kicad_pcb'.
        Warning: Unknown child 'footprint' of 'kicad_pcb'.
        Warning: Unknown child 'footprint' of 'kicad_pcb'.
        Warning: Unknown child 'footprint' of 'kicad_pcb'.
        Warning: Unknown child 'footprint' of 'kicad_pcb'.
        Warning: Unknown child 'footprint' of 'kicad_pcb'.
        Warning: Unknown child 'footprint' of 'kicad_pcb'.
        Warning: Unknown child 'footprint' of 'kicad_pcb'.
        Warning: Unknown child 'footprint' of 'kicad_pcb'.
        Warning: Unknown child 'footprint' of 'kicad_pcb'.
        Warning: Unknown child 'footprint' of 'kicad_pcb'.
        Warning: Unknown child 'footprint' of 'kicad_pcb'.
        Warning: Unknown child 'footprint' of 'kicad_pcb'.
        Warning: Unknown child 'footprint' of 'kicad_pcb'.
        Warning: Unknown child 'footprint' of 'kicad_pcb'.
        Warning: Unknown child 'footprint' of 'kicad_pcb'.
        Warning: Unknown child 'footprint' of 'kicad_pcb'.
        Warning: Unknown child 'footprint' of 'kicad_pcb'.
        Warning: Unknown child 'footprint' of 'kicad_pcb'.
        Warning: Unknown child 'footprint' of 'kicad_pcb'.
        Warning: Unknown child 'footprint' of 'kicad_pcb'.
        Warning: Unknown child 'footprint' of 'kicad_pcb'.
        Warning: Unknown child 'footprint' of 'kicad_pcb'.
        Warning: Unknown child 'footprint' of 'kicad_pcb'.
        Warning: Unknown child 'footprint' of 'kicad_pcb'.
        Warning: Unknown child 'footprint' of 'kicad_pcb'.
        Warning: Unknown child 'footprint' of 'kicad_pcb'.
        Warning: Unknown child 'footprint' of 'kicad_pcb'.
        Warning: Unknown child 'footprint' of 'kicad_pcb'.
        Warning: Unknown child 'footprint' of 'kicad_pcb'.
        Warning: Unknown child 'footprint' of 'kicad_pcb'.
        Warning: Unknown child 'footprint' of 'kicad_pcb'.
        Warning: Unknown child 'footprint' of 'kicad_pcb'.
        Warning: Unknown child 'footprint' of 'kicad_pcb'.
        Warning: Unknown child 'footprint' of 'kicad_pcb'.
        Warning: Unknown child 'footprint' of 'kicad_pcb'.
        Warning: Unknown child 'footprint' of 'kicad_pcb'.
        Warning: Unknown child 'footprint' of 'kicad_pcb'.
        Warning: Unknown child 'footprint' of 'kicad_pcb'.
        Warning: Unknown child 'footprint' of 'kicad_pcb'.
        Warning: Unknown child 'footprint' of 'kicad_pcb'.
        Warning: Unknown child 'footprint' of 'kicad_pcb'.
        Warning: Unknown child 'footprint' of 'kicad_pcb'.
        Warning: Unknown child 'footprint' of 'kicad_pcb'.
        Warning: Unknown child stroke of gr_line.
        Warning: Unknown child stroke of gr_line.
        Warning: Unknown child stroke of gr_line.
        Warning: Unknown child stroke of gr_line.
        Warning: Unknown child stroke of gr_line.
        Warning: Unknown child stroke of gr_line.
        Warning: Unknown child stroke of gr_line.
        Warning: Unknown child stroke of gr_line.
        Warning: Unknown child type of dimension.
        Warning: Unknown child tstamp of dimension.
        Warning: Unknown child pts of dimension.
        Warning: Unknown child height of dimension.
        Warning: Unknown child format of dimension.
        Warning: Unknown child style of dimension.
        Warning: Unknown child layers of zone.
        Warning: Unknown child filled_areas_thickness of zone.
        Warning: Unknown child layer of filled_polygon.
        Warning: Unknown child layer of filled_polygon.
        Warning: Unknown child layer of filled_polygon.
        Warning: Unknown child layer of filled_polygon.
        Warning: Unknown child layer of filled_polygon.
        Warning: Unknown child layer of filled_polygon.
        Warning: Unknown child layer of filled_polygon.
        Warning: Unknown child layer of filled_polygon.
        Warning: Unknown child layer of filled_polygon.
        Warning: Unknown child layer of filled_polygon.
        Warning: Unknown child layer of filled_polygon.
        Warning: Unknown child layer of filled_polygon.
        Warning: Unknown child layer of filled_polygon.
        Warning: Unknown child layer of filled_polygon.
        Warning: Unknown child layer of filled_polygon.
        Error: Cannot construct segment from node 'zone' because layer is undefined.
        Warning: Unknown child layers of zone.
        Warning: Unknown child filled_areas_thickness of zone.
        Warning: Unknown child layer of filled_polygon.
        Warning: Unknown child layer of filled_polygon.
        Warning: Unknown child layer of filled_polygon.
        Warning: Unknown child layer of filled_polygon.
        Warning: Unknown child layer of filled_polygon.
        Warning: Unknown child layer of filled_polygon.
        Warning: Unknown child layer of filled_polygon.
        Warning: Unknown child layer of filled_polygon.
        Warning: Unknown child layer of filled_polygon.
        Warning: Unknown child layer of filled_polygon.
        Warning: Unknown child layer of filled_polygon.
        Error: Cannot construct segment from node 'zone' because layer is undefined.
    EndSection
    Section : Import Document - C:\Users\SHIWA\Documents\GitHub\CASS\CAM_XILINX_STM\com_1300\Imported _autosave-com_1300-rounded\com_1300(1).PcbDoc
        Event: Nets was imported.
        Event: Line with 9 vertices was successfully imported.
        Error: Unexpected error during import of primitive Dimension '75 mm': Dimension Feature1 is undefined..
    EndSection
