--------------------------------------------------------------------------------
Release 8.2i Trace 
Copyright (c) 1995-2006 Xilinx, Inc.  All rights reserved.

C:\Xilinx\bin\nt\trce.exe -ise
C:/WORK/VHDL/com1300template_002/com1300C_R003/com1300_C82.ise -intstyle ise -e
3 -l 3 -s 4 -xml com1300_C com1300_C.ncd -o com1300_C.twr com1300_C.pcf -ucf
C:/WORK/VHDL/com1300template_002/com1300C_R003/src/com1300_C.ucf

Design file:              com1300_c.ncd
Physical constraint file: com1300_c.pcf
Device,speed:             xc3s400,-4 (PRODUCTION 1.38 2006-05-03)
Report level:             error report

Environment Variable      Effect 
--------------------      ------ 
NONE                      No environment variables were set
--------------------------------------------------------------------------------

INFO:Timing:2752 - To get complete path coverage, use the unconstrained paths 
   option. All paths that are not constrained will be reported in the 
   unconstrained paths section(s) of the report.

================================================================================
Timing constraint: TS_CLK_IN1 = PERIOD TIMEGRP "CLK_IN1" 25 ns HIGH 50%;

 0 items analyzed, 0 timing errors detected.
--------------------------------------------------------------------------------

================================================================================
Timing constraint: TS_UC_ALE = PERIOD TIMEGRP "UC_ALE" 20 ns HIGH 50%;

 0 items analyzed, 0 timing errors detected.
--------------------------------------------------------------------------------

================================================================================
Timing constraint: TS_UC_WRN = PERIOD TIMEGRP "UC_WRN" 20 ns HIGH 50%;

 5 items analyzed, 0 timing errors detected. (0 setup errors, 0 hold errors)
 Minimum period is   1.712ns.
--------------------------------------------------------------------------------

================================================================================
Timing constraint: TS_CB_CARD_CCLK = PERIOD TIMEGRP "CB_CARD_CCLK" 30 ns HIGH 50%;

 2741 items analyzed, 0 timing errors detected. (0 setup errors, 0 hold errors)
 Minimum period is  12.459ns.
--------------------------------------------------------------------------------

================================================================================
Timing constraint: TS_CLKFX_W_001 = PERIOD TIMEGRP "CLKFX_W_001" TS_CLK_IN1 HIGH 50%;

 15431 items analyzed, 0 timing errors detected. (0 setup errors, 0 hold errors)
 Minimum period is  13.715ns.
--------------------------------------------------------------------------------


All constraints were met.


Data Sheet report:
-----------------
All values displayed in nanoseconds (ns)

Clock to Setup on destination clock CB_CARD_CCLK
---------------+---------+---------+---------+---------+
               | Src:Rise| Src:Fall| Src:Rise| Src:Fall|
Source Clock   |Dest:Rise|Dest:Rise|Dest:Fall|Dest:Fall|
---------------+---------+---------+---------+---------+
CB_CARD_CCLK   |   12.459|         |         |         |
---------------+---------+---------+---------+---------+

Clock to Setup on destination clock CLK_IN1
---------------+---------+---------+---------+---------+
               | Src:Rise| Src:Fall| Src:Rise| Src:Fall|
Source Clock   |Dest:Rise|Dest:Rise|Dest:Fall|Dest:Fall|
---------------+---------+---------+---------+---------+
CLK_IN1        |   13.715|         |         |         |
---------------+---------+---------+---------+---------+

Clock to Setup on destination clock UC_WRN
---------------+---------+---------+---------+---------+
               | Src:Rise| Src:Fall| Src:Rise| Src:Fall|
Source Clock   |Dest:Rise|Dest:Rise|Dest:Fall|Dest:Fall|
---------------+---------+---------+---------+---------+
UC_WRN         |         |         |         |    1.712|
---------------+---------+---------+---------+---------+


Timing summary:
---------------

Timing errors: 0  Score: 0

Constraints cover 18177 paths, 0 nets, and 4849 connections

Design statistics:
   Minimum period:  13.715ns   (Maximum frequency:  72.913MHz)


Analysis completed Tue May 01 11:09:32 2007
--------------------------------------------------------------------------------

Trace Settings:
-------------------------
Trace Settings 

Peak Memory Usage: 121 MB



